ERROR - 2026-05-06 09:04:52 --> mysqli_sql_exception: MySQL server has gone away in C:\xampp\htdocs\mjeshter-fgym\system\Database\MySQLi\Connection.php:327
Stack trace:
#0 C:\xampp\htdocs\mjeshter-fgym\system\Database\MySQLi\Connection.php(327): mysqli->query('select `usernam...', 0)
#1 C:\xampp\htdocs\mjeshter-fgym\system\Database\BaseConnection.php(738): CodeIgniter\Database\MySQLi\Connection->execute('select `usernam...')
#2 C:\xampp\htdocs\mjeshter-fgym\system\Database\BaseConnection.php(652): CodeIgniter\Database\BaseConnection->simpleQuery('select `usernam...')
#3 C:\xampp\htdocs\mjeshter-fgym\app\Controllers\MyLogIn.php(56): CodeIgniter\Database\BaseConnection->query('select `usernam...')
#4 C:\xampp\htdocs\mjeshter-fgym\app\Controllers\MyLogIn.php(24): App\Controllers\MyLogIn->Verify_User('ADMIN-KYLE')
#5 C:\xampp\htdocs\mjeshter-fgym\system\CodeIgniter.php(933): App\Controllers\MyLogIn->auth()
#6 C:\xampp\htdocs\mjeshter-fgym\system\CodeIgniter.php(507): CodeIgniter\CodeIgniter->runController(Object(App\Controllers\MyLogIn))
#7 C:\xampp\htdocs\mjeshter-fgym\system\CodeIgniter.php(354): CodeIgniter\CodeIgniter->handleRequest(NULL, Object(Config\Cache), false)
#8 C:\xampp\htdocs\mjeshter-fgym\system\Boot.php(334): CodeIgniter\CodeIgniter->run()
#9 C:\xampp\htdocs\mjeshter-fgym\system\Boot.php(67): CodeIgniter\Boot::runCodeIgniter(Object(CodeIgniter\CodeIgniter))
#10 C:\xampp\htdocs\mjeshter-fgym\public\index.php(56): CodeIgniter\Boot::bootWeb(Object(Config\Paths))
#11 {main}
CRITICAL - 2026-05-06 09:04:52 --> CodeIgniter\Database\Exceptions\DatabaseException: MySQL server has gone away
[Method: POST, Route: mylogin-auth]
in SYSTEMPATH\Database\BaseConnection.php on line 692.
 1 APPPATH\Controllers\MyLogIn.php(56): CodeIgniter\Database\BaseConnection->query('select `username`,`hash_password` FROM myua_user where username = \'ADMIN-KYLE\' limit 1 ')
 2 APPPATH\Controllers\MyLogIn.php(24): App\Controllers\MyLogIn->Verify_User('ADMIN-KYLE')
 3 SYSTEMPATH\CodeIgniter.php(933): App\Controllers\MyLogIn->auth()
 4 SYSTEMPATH\CodeIgniter.php(507): CodeIgniter\CodeIgniter->runController(Object(App\Controllers\MyLogIn))
 5 SYSTEMPATH\CodeIgniter.php(354): CodeIgniter\CodeIgniter->handleRequest(null, Object(Config\Cache), false)
 6 SYSTEMPATH\Boot.php(334): CodeIgniter\CodeIgniter->run()
 7 SYSTEMPATH\Boot.php(67): CodeIgniter\Boot::runCodeIgniter(Object(CodeIgniter\CodeIgniter))
 8 FCPATH\index.php(56): CodeIgniter\Boot::bootWeb(Object(Config\Paths))
CRITICAL - 2026-05-06 09:04:52 --> [Caused by] CodeIgniter\Database\Exceptions\DatabaseException: MySQL server has gone away
in SYSTEMPATH\Database\MySQLi\Connection.php on line 332.
 1 SYSTEMPATH\Database\BaseConnection.php(738): CodeIgniter\Database\MySQLi\Connection->execute('select `username`,`hash_password` FROM myua_user where username = \'ADMIN-KYLE\' limit 1 ')
 2 SYSTEMPATH\Database\BaseConnection.php(652): CodeIgniter\Database\BaseConnection->simpleQuery('select `username`,`hash_password` FROM myua_user where username = \'ADMIN-KYLE\' limit 1 ')
 3 APPPATH\Controllers\MyLogIn.php(56): CodeIgniter\Database\BaseConnection->query('select `username`,`hash_password` FROM myua_user where username = \'ADMIN-KYLE\' limit 1 ')
 4 APPPATH\Controllers\MyLogIn.php(24): App\Controllers\MyLogIn->Verify_User('ADMIN-KYLE')
 5 SYSTEMPATH\CodeIgniter.php(933): App\Controllers\MyLogIn->auth()
 6 SYSTEMPATH\CodeIgniter.php(507): CodeIgniter\CodeIgniter->runController(Object(App\Controllers\MyLogIn))
 7 SYSTEMPATH\CodeIgniter.php(354): CodeIgniter\CodeIgniter->handleRequest(null, Object(Config\Cache), false)
 8 SYSTEMPATH\Boot.php(334): CodeIgniter\CodeIgniter->run()
 9 SYSTEMPATH\Boot.php(67): CodeIgniter\Boot::runCodeIgniter(Object(CodeIgniter\CodeIgniter))
10 FCPATH\index.php(56): CodeIgniter\Boot::bootWeb(Object(Config\Paths))
CRITICAL - 2026-05-06 09:04:52 --> [Caused by] mysqli_sql_exception: MySQL server has gone away
in SYSTEMPATH\Database\MySQLi\Connection.php on line 327.
 1 SYSTEMPATH\Database\MySQLi\Connection.php(327): mysqli->query('select `username`,`hash_password` FROM myua_user where username = \'ADMIN-KYLE\' limit 1 ', 0)
 2 SYSTEMPATH\Database\BaseConnection.php(738): CodeIgniter\Database\MySQLi\Connection->execute('select `username`,`hash_password` FROM myua_user where username = \'ADMIN-KYLE\' limit 1 ')
 3 SYSTEMPATH\Database\BaseConnection.php(652): CodeIgniter\Database\BaseConnection->simpleQuery('select `username`,`hash_password` FROM myua_user where username = \'ADMIN-KYLE\' limit 1 ')
 4 APPPATH\Controllers\MyLogIn.php(56): CodeIgniter\Database\BaseConnection->query('select `username`,`hash_password` FROM myua_user where username = \'ADMIN-KYLE\' limit 1 ')
 5 APPPATH\Controllers\MyLogIn.php(24): App\Controllers\MyLogIn->Verify_User('ADMIN-KYLE')
 6 SYSTEMPATH\CodeIgniter.php(933): App\Controllers\MyLogIn->auth()
 7 SYSTEMPATH\CodeIgniter.php(507): CodeIgniter\CodeIgniter->runController(Object(App\Controllers\MyLogIn))
 8 SYSTEMPATH\CodeIgniter.php(354): CodeIgniter\CodeIgniter->handleRequest(null, Object(Config\Cache), false)
 9 SYSTEMPATH\Boot.php(334): CodeIgniter\CodeIgniter->run()
10 SYSTEMPATH\Boot.php(67): CodeIgniter\Boot::runCodeIgniter(Object(CodeIgniter\CodeIgniter))
11 FCPATH\index.php(56): CodeIgniter\Boot::bootWeb(Object(Config\Paths))
CRITICAL - 2026-05-06 09:59:45 --> ErrorException: Trying to access array offset on value of type null
[Method: POST, Route: pos]
in APPPATH\Models\POSModel.php on line 71.
 1 APPPATH\Models\POSModel.php(71): CodeIgniter\Debug\Exceptions->errorHandler(2, 'Trying to access array offset on value of type null', 'C:\\xampp\\htdocs\\mjeshter-fgym\\app\\Models\\POSModel.php', 71)
 2 APPPATH\Controllers\POSController.php(29): App\Models\POSModel->savePOS()
 3 SYSTEMPATH\CodeIgniter.php(933): App\Controllers\POSController->index()
 4 SYSTEMPATH\CodeIgniter.php(507): CodeIgniter\CodeIgniter->runController(Object(App\Controllers\POSController))
 5 SYSTEMPATH\CodeIgniter.php(354): CodeIgniter\CodeIgniter->handleRequest(null, Object(Config\Cache), false)
 6 SYSTEMPATH\Boot.php(334): CodeIgniter\CodeIgniter->run()
 7 SYSTEMPATH\Boot.php(67): CodeIgniter\Boot::runCodeIgniter(Object(CodeIgniter\CodeIgniter))
 8 FCPATH\index.php(56): CodeIgniter\Boot::bootWeb(Object(Config\Paths))
CRITICAL - 2026-05-06 10:04:16 --> ErrorException: Trying to access array offset on value of type null
[Method: POST, Route: pos]
in APPPATH\Models\POSModel.php on line 82.
 1 APPPATH\Models\POSModel.php(82): CodeIgniter\Debug\Exceptions->errorHandler(2, 'Trying to access array offset on value of type null', 'C:\\xampp\\htdocs\\mjeshter-fgym\\app\\Models\\POSModel.php', 82)
 2 APPPATH\Controllers\POSController.php(29): App\Models\POSModel->savePOS()
 3 SYSTEMPATH\CodeIgniter.php(933): App\Controllers\POSController->index()
 4 SYSTEMPATH\CodeIgniter.php(507): CodeIgniter\CodeIgniter->runController(Object(App\Controllers\POSController))
 5 SYSTEMPATH\CodeIgniter.php(354): CodeIgniter\CodeIgniter->handleRequest(null, Object(Config\Cache), false)
 6 SYSTEMPATH\Boot.php(334): CodeIgniter\CodeIgniter->run()
 7 SYSTEMPATH\Boot.php(67): CodeIgniter\Boot::runCodeIgniter(Object(CodeIgniter\CodeIgniter))
 8 FCPATH\index.php(56): CodeIgniter\Boot::bootWeb(Object(Config\Paths))
CRITICAL - 2026-05-06 11:04:24 --> ErrorException: Undefined variable $membership_plan
[Method: POST, Route: pos]
in APPPATH\Models\POSModel.php on line 75.
 1 APPPATH\Models\POSModel.php(75): CodeIgniter\Debug\Exceptions->errorHandler(2, 'Undefined variable $membership_plan', 'C:\\xampp\\htdocs\\mjeshter-fgym\\app\\Models\\POSModel.php', 75)
 2 APPPATH\Controllers\POSController.php(29): App\Models\POSModel->savePOS()
 3 SYSTEMPATH\CodeIgniter.php(933): App\Controllers\POSController->index()
 4 SYSTEMPATH\CodeIgniter.php(507): CodeIgniter\CodeIgniter->runController(Object(App\Controllers\POSController))
 5 SYSTEMPATH\CodeIgniter.php(354): CodeIgniter\CodeIgniter->handleRequest(null, Object(Config\Cache), false)
 6 SYSTEMPATH\Boot.php(334): CodeIgniter\CodeIgniter->run()
 7 SYSTEMPATH\Boot.php(67): CodeIgniter\Boot::runCodeIgniter(Object(CodeIgniter\CodeIgniter))
 8 FCPATH\index.php(56): CodeIgniter\Boot::bootWeb(Object(Config\Paths))
CRITICAL - 2026-05-06 13:40:09 --> ErrorException: Trying to access array offset on value of type null
[Method: POST, Route: pos]
in APPPATH\Models\POSModel.php on line 83.
 1 APPPATH\Models\POSModel.php(83): CodeIgniter\Debug\Exceptions->errorHandler(2, 'Trying to access array offset on value of type null', 'C:\\xampp\\htdocs\\mjeshter-fgym\\app\\Models\\POSModel.php', 83)
 2 APPPATH\Controllers\POSController.php(29): App\Models\POSModel->savePOS()
 3 SYSTEMPATH\CodeIgniter.php(933): App\Controllers\POSController->index()
 4 SYSTEMPATH\CodeIgniter.php(507): CodeIgniter\CodeIgniter->runController(Object(App\Controllers\POSController))
 5 SYSTEMPATH\CodeIgniter.php(354): CodeIgniter\CodeIgniter->handleRequest(null, Object(Config\Cache), false)
 6 SYSTEMPATH\Boot.php(334): CodeIgniter\CodeIgniter->run()
 7 SYSTEMPATH\Boot.php(67): CodeIgniter\Boot::runCodeIgniter(Object(CodeIgniter\CodeIgniter))
 8 FCPATH\index.php(56): CodeIgniter\Boot::bootWeb(Object(Config\Paths))
CRITICAL - 2026-05-06 13:43:43 --> ErrorException: Trying to access array offset on value of type null
[Method: POST, Route: pos]
in APPPATH\Models\POSModel.php on line 84.
 1 APPPATH\Models\POSModel.php(84): CodeIgniter\Debug\Exceptions->errorHandler(2, 'Trying to access array offset on value of type null', 'C:\\xampp\\htdocs\\mjeshter-fgym\\app\\Models\\POSModel.php', 84)
 2 APPPATH\Controllers\POSController.php(29): App\Models\POSModel->savePOS()
 3 SYSTEMPATH\CodeIgniter.php(933): App\Controllers\POSController->index()
 4 SYSTEMPATH\CodeIgniter.php(507): CodeIgniter\CodeIgniter->runController(Object(App\Controllers\POSController))
 5 SYSTEMPATH\CodeIgniter.php(354): CodeIgniter\CodeIgniter->handleRequest(null, Object(Config\Cache), false)
 6 SYSTEMPATH\Boot.php(334): CodeIgniter\CodeIgniter->run()
 7 SYSTEMPATH\Boot.php(67): CodeIgniter\Boot::runCodeIgniter(Object(CodeIgniter\CodeIgniter))
 8 FCPATH\index.php(56): CodeIgniter\Boot::bootWeb(Object(Config\Paths))
ERROR - 2026-05-06 13:45:39 --> mysqli_sql_exception: Column 'member_id' cannot be null in C:\xampp\htdocs\mjeshter-fgym\system\Database\MySQLi\Connection.php:327
Stack trace:
#0 C:\xampp\htdocs\mjeshter-fgym\system\Database\MySQLi\Connection.php(327): mysqli->query('\r\n             ...', 0)
#1 C:\xampp\htdocs\mjeshter-fgym\system\Database\BaseConnection.php(738): CodeIgniter\Database\MySQLi\Connection->execute('\r\n             ...')
#2 C:\xampp\htdocs\mjeshter-fgym\system\Database\BaseConnection.php(652): CodeIgniter\Database\BaseConnection->simpleQuery('\r\n             ...')
#3 C:\xampp\htdocs\mjeshter-fgym\app\Models\POSModel.php(93): CodeIgniter\Database\BaseConnection->query('\r\n             ...', Array)
#4 C:\xampp\htdocs\mjeshter-fgym\app\Controllers\POSController.php(29): App\Models\POSModel->savePOS()
#5 C:\xampp\htdocs\mjeshter-fgym\system\CodeIgniter.php(933): App\Controllers\POSController->index()
#6 C:\xampp\htdocs\mjeshter-fgym\system\CodeIgniter.php(507): CodeIgniter\CodeIgniter->runController(Object(App\Controllers\POSController))
#7 C:\xampp\htdocs\mjeshter-fgym\system\CodeIgniter.php(354): CodeIgniter\CodeIgniter->handleRequest(NULL, Object(Config\Cache), false)
#8 C:\xampp\htdocs\mjeshter-fgym\system\Boot.php(334): CodeIgniter\CodeIgniter->run()
#9 C:\xampp\htdocs\mjeshter-fgym\system\Boot.php(67): CodeIgniter\Boot::runCodeIgniter(Object(CodeIgniter\CodeIgniter))
#10 C:\xampp\htdocs\mjeshter-fgym\public\index.php(56): CodeIgniter\Boot::bootWeb(Object(Config\Paths))
#11 {main}
CRITICAL - 2026-05-06 13:45:39 --> CodeIgniter\Database\Exceptions\DatabaseException: Column 'member_id' cannot be null
[Method: POST, Route: pos]
in SYSTEMPATH\Database\BaseConnection.php on line 692.
 1 APPPATH\Models\POSModel.php(93): CodeIgniter\Database\BaseConnection->query('
                        INSERT INTO tbl_checkin_history
                        (member_id, rfid_uid, checkin_time, checkin_method, status)
                        VALUES (?, ?, NOW(), \'RFID\', \'Active\')
                    ', [...])
 2 APPPATH\Controllers\POSController.php(29): App\Models\POSModel->savePOS()
 3 SYSTEMPATH\CodeIgniter.php(933): App\Controllers\POSController->index()
 4 SYSTEMPATH\CodeIgniter.php(507): CodeIgniter\CodeIgniter->runController(Object(App\Controllers\POSController))
 5 SYSTEMPATH\CodeIgniter.php(354): CodeIgniter\CodeIgniter->handleRequest(null, Object(Config\Cache), false)
 6 SYSTEMPATH\Boot.php(334): CodeIgniter\CodeIgniter->run()
 7 SYSTEMPATH\Boot.php(67): CodeIgniter\Boot::runCodeIgniter(Object(CodeIgniter\CodeIgniter))
 8 FCPATH\index.php(56): CodeIgniter\Boot::bootWeb(Object(Config\Paths))
CRITICAL - 2026-05-06 13:45:39 --> [Caused by] CodeIgniter\Database\Exceptions\DatabaseException: Column 'member_id' cannot be null
in SYSTEMPATH\Database\MySQLi\Connection.php on line 332.
 1 SYSTEMPATH\Database\BaseConnection.php(738): CodeIgniter\Database\MySQLi\Connection->execute('
                        INSERT INTO tbl_checkin_history
                        (member_id, rfid_uid, checkin_time, checkin_method, status)
                        VALUES (NULL, \'\', NOW(), \'RFID\', \'Active\')
                    ')
 2 SYSTEMPATH\Database\BaseConnection.php(652): CodeIgniter\Database\BaseConnection->simpleQuery('
                        INSERT INTO tbl_checkin_history
                        (member_id, rfid_uid, checkin_time, checkin_method, status)
                        VALUES (NULL, \'\', NOW(), \'RFID\', \'Active\')
                    ')
 3 APPPATH\Models\POSModel.php(93): CodeIgniter\Database\BaseConnection->query('
                        INSERT INTO tbl_checkin_history
                        (member_id, rfid_uid, checkin_time, checkin_method, status)
                        VALUES (?, ?, NOW(), \'RFID\', \'Active\')
                    ', [...])
 4 APPPATH\Controllers\POSController.php(29): App\Models\POSModel->savePOS()
 5 SYSTEMPATH\CodeIgniter.php(933): App\Controllers\POSController->index()
 6 SYSTEMPATH\CodeIgniter.php(507): CodeIgniter\CodeIgniter->runController(Object(App\Controllers\POSController))
 7 SYSTEMPATH\CodeIgniter.php(354): CodeIgniter\CodeIgniter->handleRequest(null, Object(Config\Cache), false)
 8 SYSTEMPATH\Boot.php(334): CodeIgniter\CodeIgniter->run()
 9 SYSTEMPATH\Boot.php(67): CodeIgniter\Boot::runCodeIgniter(Object(CodeIgniter\CodeIgniter))
10 FCPATH\index.php(56): CodeIgniter\Boot::bootWeb(Object(Config\Paths))
CRITICAL - 2026-05-06 13:45:39 --> [Caused by] mysqli_sql_exception: Column 'member_id' cannot be null
in SYSTEMPATH\Database\MySQLi\Connection.php on line 327.
 1 SYSTEMPATH\Database\MySQLi\Connection.php(327): mysqli->query('
                        INSERT INTO tbl_checkin_history
                        (member_id, rfid_uid, checkin_time, checkin_method, status)
                        VALUES (NULL, \'\', NOW(), \'RFID\', \'Active\')
                    ', 0)
 2 SYSTEMPATH\Database\BaseConnection.php(738): CodeIgniter\Database\MySQLi\Connection->execute('
                        INSERT INTO tbl_checkin_history
                        (member_id, rfid_uid, checkin_time, checkin_method, status)
                        VALUES (NULL, \'\', NOW(), \'RFID\', \'Active\')
                    ')
 3 SYSTEMPATH\Database\BaseConnection.php(652): CodeIgniter\Database\BaseConnection->simpleQuery('
                        INSERT INTO tbl_checkin_history
                        (member_id, rfid_uid, checkin_time, checkin_method, status)
                        VALUES (NULL, \'\', NOW(), \'RFID\', \'Active\')
                    ')
 4 APPPATH\Models\POSModel.php(93): CodeIgniter\Database\BaseConnection->query('
                        INSERT INTO tbl_checkin_history
                        (member_id, rfid_uid, checkin_time, checkin_method, status)
                        VALUES (?, ?, NOW(), \'RFID\', \'Active\')
                    ', [...])
 5 APPPATH\Controllers\POSController.php(29): App\Models\POSModel->savePOS()
 6 SYSTEMPATH\CodeIgniter.php(933): App\Controllers\POSController->index()
 7 SYSTEMPATH\CodeIgniter.php(507): CodeIgniter\CodeIgniter->runController(Object(App\Controllers\POSController))
 8 SYSTEMPATH\CodeIgniter.php(354): CodeIgniter\CodeIgniter->handleRequest(null, Object(Config\Cache), false)
 9 SYSTEMPATH\Boot.php(334): CodeIgniter\CodeIgniter->run()
10 SYSTEMPATH\Boot.php(67): CodeIgniter\Boot::runCodeIgniter(Object(CodeIgniter\CodeIgniter))
11 FCPATH\index.php(56): CodeIgniter\Boot::bootWeb(Object(Config\Paths))
CRITICAL - 2026-05-06 13:47:07 --> ErrorException: Undefined variable $rw
[Method: POST, Route: pos]
in APPPATH\Models\POSModel.php on line 82.
 1 APPPATH\Models\POSModel.php(82): CodeIgniter\Debug\Exceptions->errorHandler(2, 'Undefined variable $rw', 'C:\\xampp\\htdocs\\mjeshter-fgym\\app\\Models\\POSModel.php', 82)
 2 APPPATH\Controllers\POSController.php(29): App\Models\POSModel->savePOS()
 3 SYSTEMPATH\CodeIgniter.php(933): App\Controllers\POSController->index()
 4 SYSTEMPATH\CodeIgniter.php(507): CodeIgniter\CodeIgniter->runController(Object(App\Controllers\POSController))
 5 SYSTEMPATH\CodeIgniter.php(354): CodeIgniter\CodeIgniter->handleRequest(null, Object(Config\Cache), false)
 6 SYSTEMPATH\Boot.php(334): CodeIgniter\CodeIgniter->run()
 7 SYSTEMPATH\Boot.php(67): CodeIgniter\Boot::runCodeIgniter(Object(CodeIgniter\CodeIgniter))
 8 FCPATH\index.php(56): CodeIgniter\Boot::bootWeb(Object(Config\Paths))
CRITICAL - 2026-05-06 13:47:28 --> ErrorException: Trying to access array offset on value of type null
[Method: POST, Route: pos]
in APPPATH\Models\POSModel.php on line 82.
 1 APPPATH\Models\POSModel.php(82): CodeIgniter\Debug\Exceptions->errorHandler(2, 'Trying to access array offset on value of type null', 'C:\\xampp\\htdocs\\mjeshter-fgym\\app\\Models\\POSModel.php', 82)
 2 APPPATH\Controllers\POSController.php(29): App\Models\POSModel->savePOS()
 3 SYSTEMPATH\CodeIgniter.php(933): App\Controllers\POSController->index()
 4 SYSTEMPATH\CodeIgniter.php(507): CodeIgniter\CodeIgniter->runController(Object(App\Controllers\POSController))
 5 SYSTEMPATH\CodeIgniter.php(354): CodeIgniter\CodeIgniter->handleRequest(null, Object(Config\Cache), false)
 6 SYSTEMPATH\Boot.php(334): CodeIgniter\CodeIgniter->run()
 7 SYSTEMPATH\Boot.php(67): CodeIgniter\Boot::runCodeIgniter(Object(CodeIgniter\CodeIgniter))
 8 FCPATH\index.php(56): CodeIgniter\Boot::bootWeb(Object(Config\Paths))
CRITICAL - 2026-05-06 13:48:03 --> ErrorException: Trying to access array offset on value of type null
[Method: POST, Route: pos]
in APPPATH\Models\POSModel.php on line 82.
 1 APPPATH\Models\POSModel.php(82): CodeIgniter\Debug\Exceptions->errorHandler(2, 'Trying to access array offset on value of type null', 'C:\\xampp\\htdocs\\mjeshter-fgym\\app\\Models\\POSModel.php', 82)
 2 APPPATH\Controllers\POSController.php(29): App\Models\POSModel->savePOS()
 3 SYSTEMPATH\CodeIgniter.php(933): App\Controllers\POSController->index()
 4 SYSTEMPATH\CodeIgniter.php(507): CodeIgniter\CodeIgniter->runController(Object(App\Controllers\POSController))
 5 SYSTEMPATH\CodeIgniter.php(354): CodeIgniter\CodeIgniter->handleRequest(null, Object(Config\Cache), false)
 6 SYSTEMPATH\Boot.php(334): CodeIgniter\CodeIgniter->run()
 7 SYSTEMPATH\Boot.php(67): CodeIgniter\Boot::runCodeIgniter(Object(CodeIgniter\CodeIgniter))
 8 FCPATH\index.php(56): CodeIgniter\Boot::bootWeb(Object(Config\Paths))
CRITICAL - 2026-05-06 13:50:09 --> ErrorException: Trying to access array offset on value of type null
[Method: POST, Route: pos]
in APPPATH\Models\POSModel.php on line 82.
 1 APPPATH\Models\POSModel.php(82): CodeIgniter\Debug\Exceptions->errorHandler(2, 'Trying to access array offset on value of type null', 'C:\\xampp\\htdocs\\mjeshter-fgym\\app\\Models\\POSModel.php', 82)
 2 APPPATH\Controllers\POSController.php(29): App\Models\POSModel->savePOS()
 3 SYSTEMPATH\CodeIgniter.php(933): App\Controllers\POSController->index()
 4 SYSTEMPATH\CodeIgniter.php(507): CodeIgniter\CodeIgniter->runController(Object(App\Controllers\POSController))
 5 SYSTEMPATH\CodeIgniter.php(354): CodeIgniter\CodeIgniter->handleRequest(null, Object(Config\Cache), false)
 6 SYSTEMPATH\Boot.php(334): CodeIgniter\CodeIgniter->run()
 7 SYSTEMPATH\Boot.php(67): CodeIgniter\Boot::runCodeIgniter(Object(CodeIgniter\CodeIgniter))
 8 FCPATH\index.php(56): CodeIgniter\Boot::bootWeb(Object(Config\Paths))
CRITICAL - 2026-05-06 13:53:53 --> ErrorException: Trying to access array offset on value of type null
[Method: POST, Route: pos]
in APPPATH\Models\POSModel.php on line 82.
 1 APPPATH\Models\POSModel.php(82): CodeIgniter\Debug\Exceptions->errorHandler(2, 'Trying to access array offset on value of type null', 'C:\\xampp\\htdocs\\mjeshter-fgym\\app\\Models\\POSModel.php', 82)
 2 APPPATH\Controllers\POSController.php(29): App\Models\POSModel->savePOS()
 3 SYSTEMPATH\CodeIgniter.php(933): App\Controllers\POSController->index()
 4 SYSTEMPATH\CodeIgniter.php(507): CodeIgniter\CodeIgniter->runController(Object(App\Controllers\POSController))
 5 SYSTEMPATH\CodeIgniter.php(354): CodeIgniter\CodeIgniter->handleRequest(null, Object(Config\Cache), false)
 6 SYSTEMPATH\Boot.php(334): CodeIgniter\CodeIgniter->run()
 7 SYSTEMPATH\Boot.php(67): CodeIgniter\Boot::runCodeIgniter(Object(CodeIgniter\CodeIgniter))
 8 FCPATH\index.php(56): CodeIgniter\Boot::bootWeb(Object(Config\Paths))
ERROR - 2026-05-06 14:05:13 --> mysqli_sql_exception: Unknown column 'walkin_name' in 'field list' in C:\xampp\htdocs\mjeshter-fgym\system\Database\MySQLi\Connection.php:327
Stack trace:
#0 C:\xampp\htdocs\mjeshter-fgym\system\Database\MySQLi\Connection.php(327): mysqli->query('\r\n             ...', 0)
#1 C:\xampp\htdocs\mjeshter-fgym\system\Database\BaseConnection.php(738): CodeIgniter\Database\MySQLi\Connection->execute('\r\n             ...')
#2 C:\xampp\htdocs\mjeshter-fgym\system\Database\BaseConnection.php(652): CodeIgniter\Database\BaseConnection->simpleQuery('\r\n             ...')
#3 C:\xampp\htdocs\mjeshter-fgym\app\Models\POSModel.php(108): CodeIgniter\Database\BaseConnection->query('\r\n             ...', Array)
#4 C:\xampp\htdocs\mjeshter-fgym\app\Controllers\POSController.php(29): App\Models\POSModel->savePOS()
#5 C:\xampp\htdocs\mjeshter-fgym\system\CodeIgniter.php(933): App\Controllers\POSController->index()
#6 C:\xampp\htdocs\mjeshter-fgym\system\CodeIgniter.php(507): CodeIgniter\CodeIgniter->runController(Object(App\Controllers\POSController))
#7 C:\xampp\htdocs\mjeshter-fgym\system\CodeIgniter.php(354): CodeIgniter\CodeIgniter->handleRequest(NULL, Object(Config\Cache), false)
#8 C:\xampp\htdocs\mjeshter-fgym\system\Boot.php(334): CodeIgniter\CodeIgniter->run()
#9 C:\xampp\htdocs\mjeshter-fgym\system\Boot.php(67): CodeIgniter\Boot::runCodeIgniter(Object(CodeIgniter\CodeIgniter))
#10 C:\xampp\htdocs\mjeshter-fgym\public\index.php(56): CodeIgniter\Boot::bootWeb(Object(Config\Paths))
#11 {main}
CRITICAL - 2026-05-06 14:05:13 --> CodeIgniter\Database\Exceptions\DatabaseException: Unknown column 'walkin_name' in 'field list'
[Method: POST, Route: pos]
in SYSTEMPATH\Database\BaseConnection.php on line 692.
 1 APPPATH\Models\POSModel.php(108): CodeIgniter\Database\BaseConnection->query('
                        INSERT INTO `tbl_inventory_movements`(
                            `walkin_name`,
                            `checkin_time`,
                            `checkout_time`
                        )
                        VALUES (?, NOW(), DATE_ADD(NOW(), INTERVAL 4 HOUR))', [...])
 2 APPPATH\Controllers\POSController.php(29): App\Models\POSModel->savePOS()
 3 SYSTEMPATH\CodeIgniter.php(933): App\Controllers\POSController->index()
 4 SYSTEMPATH\CodeIgniter.php(507): CodeIgniter\CodeIgniter->runController(Object(App\Controllers\POSController))
 5 SYSTEMPATH\CodeIgniter.php(354): CodeIgniter\CodeIgniter->handleRequest(null, Object(Config\Cache), false)
 6 SYSTEMPATH\Boot.php(334): CodeIgniter\CodeIgniter->run()
 7 SYSTEMPATH\Boot.php(67): CodeIgniter\Boot::runCodeIgniter(Object(CodeIgniter\CodeIgniter))
 8 FCPATH\index.php(56): CodeIgniter\Boot::bootWeb(Object(Config\Paths))
CRITICAL - 2026-05-06 14:05:13 --> [Caused by] CodeIgniter\Database\Exceptions\DatabaseException: Unknown column 'walkin_name' in 'field list'
in SYSTEMPATH\Database\MySQLi\Connection.php on line 332.
 1 SYSTEMPATH\Database\BaseConnection.php(738): CodeIgniter\Database\MySQLi\Connection->execute('
                        INSERT INTO `tbl_inventory_movements`(
                            `walkin_name`,
                            `checkin_time`,
                            `checkout_time`
                        )
                        VALUES (\'\', NOW(), DATE_ADD(NOW(), INTERVAL 4 HOUR))')
 2 SYSTEMPATH\Database\BaseConnection.php(652): CodeIgniter\Database\BaseConnection->simpleQuery('
                        INSERT INTO `tbl_inventory_movements`(
                            `walkin_name`,
                            `checkin_time`,
                            `checkout_time`
                        )
                        VALUES (\'\', NOW(), DATE_ADD(NOW(), INTERVAL 4 HOUR))')
 3 APPPATH\Models\POSModel.php(108): CodeIgniter\Database\BaseConnection->query('
                        INSERT INTO `tbl_inventory_movements`(
                            `walkin_name`,
                            `checkin_time`,
                            `checkout_time`
                        )
                        VALUES (?, NOW(), DATE_ADD(NOW(), INTERVAL 4 HOUR))', [...])
 4 APPPATH\Controllers\POSController.php(29): App\Models\POSModel->savePOS()
 5 SYSTEMPATH\CodeIgniter.php(933): App\Controllers\POSController->index()
 6 SYSTEMPATH\CodeIgniter.php(507): CodeIgniter\CodeIgniter->runController(Object(App\Controllers\POSController))
 7 SYSTEMPATH\CodeIgniter.php(354): CodeIgniter\CodeIgniter->handleRequest(null, Object(Config\Cache), false)
 8 SYSTEMPATH\Boot.php(334): CodeIgniter\CodeIgniter->run()
 9 SYSTEMPATH\Boot.php(67): CodeIgniter\Boot::runCodeIgniter(Object(CodeIgniter\CodeIgniter))
10 FCPATH\index.php(56): CodeIgniter\Boot::bootWeb(Object(Config\Paths))
CRITICAL - 2026-05-06 14:05:13 --> [Caused by] mysqli_sql_exception: Unknown column 'walkin_name' in 'field list'
in SYSTEMPATH\Database\MySQLi\Connection.php on line 327.
 1 SYSTEMPATH\Database\MySQLi\Connection.php(327): mysqli->query('
                        INSERT INTO `tbl_inventory_movements`(
                            `walkin_name`,
                            `checkin_time`,
                            `checkout_time`
                        )
                        VALUES (\'\', NOW(), DATE_ADD(NOW(), INTERVAL 4 HOUR))', 0)
 2 SYSTEMPATH\Database\BaseConnection.php(738): CodeIgniter\Database\MySQLi\Connection->execute('
                        INSERT INTO `tbl_inventory_movements`(
                            `walkin_name`,
                            `checkin_time`,
                            `checkout_time`
                        )
                        VALUES (\'\', NOW(), DATE_ADD(NOW(), INTERVAL 4 HOUR))')
 3 SYSTEMPATH\Database\BaseConnection.php(652): CodeIgniter\Database\BaseConnection->simpleQuery('
                        INSERT INTO `tbl_inventory_movements`(
                            `walkin_name`,
                            `checkin_time`,
                            `checkout_time`
                        )
                        VALUES (\'\', NOW(), DATE_ADD(NOW(), INTERVAL 4 HOUR))')
 4 APPPATH\Models\POSModel.php(108): CodeIgniter\Database\BaseConnection->query('
                        INSERT INTO `tbl_inventory_movements`(
                            `walkin_name`,
                            `checkin_time`,
                            `checkout_time`
                        )
                        VALUES (?, NOW(), DATE_ADD(NOW(), INTERVAL 4 HOUR))', [...])
 5 APPPATH\Controllers\POSController.php(29): App\Models\POSModel->savePOS()
 6 SYSTEMPATH\CodeIgniter.php(933): App\Controllers\POSController->index()
 7 SYSTEMPATH\CodeIgniter.php(507): CodeIgniter\CodeIgniter->runController(Object(App\Controllers\POSController))
 8 SYSTEMPATH\CodeIgniter.php(354): CodeIgniter\CodeIgniter->handleRequest(null, Object(Config\Cache), false)
 9 SYSTEMPATH\Boot.php(334): CodeIgniter\CodeIgniter->run()
10 SYSTEMPATH\Boot.php(67): CodeIgniter\Boot::runCodeIgniter(Object(CodeIgniter\CodeIgniter))
11 FCPATH\index.php(56): CodeIgniter\Boot::bootWeb(Object(Config\Paths))
CRITICAL - 2026-05-06 21:20:23 --> ErrorException: Undefined array key "mobile_number"
[Method: GET, Route: membersmanagement]
in APPPATH\Views\members-management\members-main.php on line 515.
 1 APPPATH\Views\members-management\members-main.php(515): CodeIgniter\Debug\Exceptions->errorHandler(2, 'Undefined array key "mobile_number"', 'C:\\xampp\\htdocs\\mjeshter-fgym\\app\\Views\\members-management\\members-main.php', 515)
 2 SYSTEMPATH\View\View.php(224): include('C:\\xampp\\htdocs\\mjeshter-fgym\\app\\Views\\members-management\\members-main.php')
 3 SYSTEMPATH\View\View.php(227): CodeIgniter\View\View->CodeIgniter\View\{closure}()
 4 SYSTEMPATH\Common.php(1173): CodeIgniter\View\View->render('members-management/members-main', [], true)
 5 APPPATH\Controllers\MembersManagementController.php(34): view('members-management/members-main', [...])
 6 APPPATH\Controllers\MembersManagementController.php(46): App\Controllers\MembersManagementController->loadMembersListView()
 7 SYSTEMPATH\CodeIgniter.php(933): App\Controllers\MembersManagementController->index()
 8 SYSTEMPATH\CodeIgniter.php(507): CodeIgniter\CodeIgniter->runController(Object(App\Controllers\MembersManagementController))
 9 SYSTEMPATH\CodeIgniter.php(354): CodeIgniter\CodeIgniter->handleRequest(null, Object(Config\Cache), false)
10 SYSTEMPATH\Boot.php(334): CodeIgniter\CodeIgniter->run()
11 SYSTEMPATH\Boot.php(67): CodeIgniter\Boot::runCodeIgniter(Object(CodeIgniter\CodeIgniter))
12 FCPATH\index.php(56): CodeIgniter\Boot::bootWeb(Object(Config\Paths))
CRITICAL - 2026-05-06 21:22:10 --> ErrorException: Undefined array key 2
[Method: POST, Route: pos]
in APPPATH\Models\POSModel.php on line 45.
 1 APPPATH\Models\POSModel.php(45): CodeIgniter\Debug\Exceptions->errorHandler(2, 'Undefined array key 2', 'C:\\xampp\\htdocs\\mjeshter-fgym\\app\\Models\\POSModel.php', 45)
 2 APPPATH\Controllers\POSController.php(29): App\Models\POSModel->savePOS()
 3 SYSTEMPATH\CodeIgniter.php(933): App\Controllers\POSController->index()
 4 SYSTEMPATH\CodeIgniter.php(507): CodeIgniter\CodeIgniter->runController(Object(App\Controllers\POSController))
 5 SYSTEMPATH\CodeIgniter.php(354): CodeIgniter\CodeIgniter->handleRequest(null, Object(Config\Cache), false)
 6 SYSTEMPATH\Boot.php(334): CodeIgniter\CodeIgniter->run()
 7 SYSTEMPATH\Boot.php(67): CodeIgniter\Boot::runCodeIgniter(Object(CodeIgniter\CodeIgniter))
 8 FCPATH\index.php(56): CodeIgniter\Boot::bootWeb(Object(Config\Paths))
