CRITICAL - 2026-05-16 20:08:53 --> ErrorException: Cannot declare class App\Controllers\CashReceiptsController, because the name is already in use
[Method: GET, Route: cashreceipts]
in APPPATH\Models\CashReceiptsModel.php on line 7.
 1 [internal function]: CodeIgniter\Debug\Exceptions->shutdownHandler()
CRITICAL - 2026-05-16 20:14:43 --> CodeIgniter\View\Exceptions\ViewException: Invalid file: "cashreceipts/cashreceipts_summary_pdf.php"
[Method: GET, Route: cashreceipts]
in SYSTEMPATH\Exceptions\FrameworkException.php on line 39.
 1 SYSTEMPATH\View\View.php(212): CodeIgniter\Exceptions\FrameworkException::forInvalidFile('cashreceipts/cashreceipts_summary_pdf.php')
 2 SYSTEMPATH\Common.php(1173): CodeIgniter\View\View->render('cashreceipts/cashreceipts_summary_pdf', [], true)
 3 APPPATH\Controllers\CashReceiptsController.php(36): view('cashreceipts/cashreceipts_summary_pdf')
 4 SYSTEMPATH\CodeIgniter.php(933): App\Controllers\CashReceiptsController->index()
 5 SYSTEMPATH\CodeIgniter.php(507): CodeIgniter\CodeIgniter->runController(Object(App\Controllers\CashReceiptsController))
 6 SYSTEMPATH\CodeIgniter.php(354): CodeIgniter\CodeIgniter->handleRequest(null, Object(Config\Cache), false)
 7 SYSTEMPATH\Boot.php(334): CodeIgniter\CodeIgniter->run()
 8 SYSTEMPATH\Boot.php(67): CodeIgniter\Boot::runCodeIgniter(Object(CodeIgniter\CodeIgniter))
 9 FCPATH\index.php(56): CodeIgniter\Boot::bootWeb(Object(Config\Paths))
CRITICAL - 2026-05-16 20:15:58 --> CodeIgniter\View\Exceptions\ViewException: Invalid file: "cashreceipts/cashreceipts_daily_pdf.php"
[Method: GET, Route: cashreceipts]
in SYSTEMPATH\Exceptions\FrameworkException.php on line 39.
 1 SYSTEMPATH\View\View.php(212): CodeIgniter\Exceptions\FrameworkException::forInvalidFile('cashreceipts/cashreceipts_daily_pdf.php')
 2 SYSTEMPATH\Common.php(1173): CodeIgniter\View\View->render('cashreceipts/cashreceipts_daily_pdf', [], true)
 3 APPPATH\Controllers\CashReceiptsController.php(32): view('cashreceipts/cashreceipts_daily_pdf')
 4 SYSTEMPATH\CodeIgniter.php(933): App\Controllers\CashReceiptsController->index()
 5 SYSTEMPATH\CodeIgniter.php(507): CodeIgniter\CodeIgniter->runController(Object(App\Controllers\CashReceiptsController))
 6 SYSTEMPATH\CodeIgniter.php(354): CodeIgniter\CodeIgniter->handleRequest(null, Object(Config\Cache), false)
 7 SYSTEMPATH\Boot.php(334): CodeIgniter\CodeIgniter->run()
 8 SYSTEMPATH\Boot.php(67): CodeIgniter\Boot::runCodeIgniter(Object(CodeIgniter\CodeIgniter))
 9 FCPATH\index.php(56): CodeIgniter\Boot::bootWeb(Object(Config\Paths))
CRITICAL - 2026-05-16 21:40:49 --> ErrorException: Undefined variable $result
[Method: POST, Route: chartofaccounts]
in APPPATH\Controllers\ChartOfAccountsController.php on line 29.
 1 APPPATH\Controllers\ChartOfAccountsController.php(29): CodeIgniter\Debug\Exceptions->errorHandler(2, 'Undefined variable $result', 'C:\\xampp\\htdocs\\mjeshter-fgym\\app\\Controllers\\ChartOfAccountsController.php', 29)
 2 SYSTEMPATH\CodeIgniter.php(933): App\Controllers\ChartOfAccountsController->index()
 3 SYSTEMPATH\CodeIgniter.php(507): CodeIgniter\CodeIgniter->runController(Object(App\Controllers\ChartOfAccountsController))
 4 SYSTEMPATH\CodeIgniter.php(354): CodeIgniter\CodeIgniter->handleRequest(null, Object(Config\Cache), false)
 5 SYSTEMPATH\Boot.php(334): CodeIgniter\CodeIgniter->run()
 6 SYSTEMPATH\Boot.php(67): CodeIgniter\Boot::runCodeIgniter(Object(CodeIgniter\CodeIgniter))
 7 FCPATH\index.php(56): CodeIgniter\Boot::bootWeb(Object(Config\Paths))
