ERROR - 2026-05-01 22:58:26 --> mysqli_sql_exception: Table 'mjeshter.tbl_pos_payment' doesn't exist in C:\xampp\htdocs\mjeshter-fgym\system\Database\MySQLi\Connection.php:327
Stack trace:
#0 C:\xampp\htdocs\mjeshter-fgym\system\Database\MySQLi\Connection.php(327): mysqli->query('SELECT * FROM t...', 0)
#1 C:\xampp\htdocs\mjeshter-fgym\system\Database\BaseConnection.php(738): CodeIgniter\Database\MySQLi\Connection->execute('SELECT * FROM t...')
#2 C:\xampp\htdocs\mjeshter-fgym\system\Database\BaseConnection.php(652): CodeIgniter\Database\BaseConnection->simpleQuery('SELECT * FROM t...')
#3 C:\xampp\htdocs\mjeshter-fgym\app\Views\pos-sales\pos-sales-main.php(7): CodeIgniter\Database\BaseConnection->query('SELECT * FROM t...')
#4 C:\xampp\htdocs\mjeshter-fgym\system\View\View.php(224): include('C:\\xampp\\htdocs...')
#5 C:\xampp\htdocs\mjeshter-fgym\system\View\View.php(227): CodeIgniter\View\View->CodeIgniter\View\{closure}()
#6 C:\xampp\htdocs\mjeshter-fgym\system\Common.php(1173): CodeIgniter\View\View->render('pos-sales/pos-s...', Array, true)
#7 C:\xampp\htdocs\mjeshter-fgym\app\Controllers\POSSalesController.php(25): view('pos-sales/pos-s...')
#8 C:\xampp\htdocs\mjeshter-fgym\system\CodeIgniter.php(933): App\Controllers\POSSalesController->index()
#9 C:\xampp\htdocs\mjeshter-fgym\system\CodeIgniter.php(507): CodeIgniter\CodeIgniter->runController(Object(App\Controllers\POSSalesController))
#10 C:\xampp\htdocs\mjeshter-fgym\system\CodeIgniter.php(354): CodeIgniter\CodeIgniter->handleRequest(NULL, Object(Config\Cache), false)
#11 C:\xampp\htdocs\mjeshter-fgym\system\Boot.php(334): CodeIgniter\CodeIgniter->run()
#12 C:\xampp\htdocs\mjeshter-fgym\system\Boot.php(67): CodeIgniter\Boot::runCodeIgniter(Object(CodeIgniter\CodeIgniter))
#13 C:\xampp\htdocs\mjeshter-fgym\public\index.php(56): CodeIgniter\Boot::bootWeb(Object(Config\Paths))
#14 {main}
CRITICAL - 2026-05-01 22:58:26 --> CodeIgniter\Database\Exceptions\DatabaseException: Table 'mjeshter.tbl_pos_payment' doesn't exist
[Method: GET, Route: possales]
in SYSTEMPATH\Database\BaseConnection.php on line 692.
 1 APPPATH\Views\pos-sales\pos-sales-main.php(7): CodeIgniter\Database\BaseConnection->query('SELECT * FROM tbl_pos_payment ORDER BY recid DESC')
 2 SYSTEMPATH\View\View.php(224): include('C:\\xampp\\htdocs\\mjeshter-fgym\\app\\Views\\pos-sales\\pos-sales-main.php')
 3 SYSTEMPATH\View\View.php(227): CodeIgniter\View\View->CodeIgniter\View\{closure}()
 4 SYSTEMPATH\Common.php(1173): CodeIgniter\View\View->render('pos-sales/pos-sales-main', [], true)
 5 APPPATH\Controllers\POSSalesController.php(25): view('pos-sales/pos-sales-main')
 6 SYSTEMPATH\CodeIgniter.php(933): App\Controllers\POSSalesController->index()
 7 SYSTEMPATH\CodeIgniter.php(507): CodeIgniter\CodeIgniter->runController(Object(App\Controllers\POSSalesController))
 8 SYSTEMPATH\CodeIgniter.php(354): CodeIgniter\CodeIgniter->handleRequest(null, Object(Config\Cache), false)
 9 SYSTEMPATH\Boot.php(334): CodeIgniter\CodeIgniter->run()
10 SYSTEMPATH\Boot.php(67): CodeIgniter\Boot::runCodeIgniter(Object(CodeIgniter\CodeIgniter))
11 FCPATH\index.php(56): CodeIgniter\Boot::bootWeb(Object(Config\Paths))
CRITICAL - 2026-05-01 22:58:26 --> [Caused by] CodeIgniter\Database\Exceptions\DatabaseException: Table 'mjeshter.tbl_pos_payment' doesn't exist
in SYSTEMPATH\Database\MySQLi\Connection.php on line 332.
 1 SYSTEMPATH\Database\BaseConnection.php(738): CodeIgniter\Database\MySQLi\Connection->execute('SELECT * FROM tbl_pos_payment ORDER BY recid DESC')
 2 SYSTEMPATH\Database\BaseConnection.php(652): CodeIgniter\Database\BaseConnection->simpleQuery('SELECT * FROM tbl_pos_payment ORDER BY recid DESC')
 3 APPPATH\Views\pos-sales\pos-sales-main.php(7): CodeIgniter\Database\BaseConnection->query('SELECT * FROM tbl_pos_payment ORDER BY recid DESC')
 4 SYSTEMPATH\View\View.php(224): include('C:\\xampp\\htdocs\\mjeshter-fgym\\app\\Views\\pos-sales\\pos-sales-main.php')
 5 SYSTEMPATH\View\View.php(227): CodeIgniter\View\View->CodeIgniter\View\{closure}()
 6 SYSTEMPATH\Common.php(1173): CodeIgniter\View\View->render('pos-sales/pos-sales-main', [], true)
 7 APPPATH\Controllers\POSSalesController.php(25): view('pos-sales/pos-sales-main')
 8 SYSTEMPATH\CodeIgniter.php(933): App\Controllers\POSSalesController->index()
 9 SYSTEMPATH\CodeIgniter.php(507): CodeIgniter\CodeIgniter->runController(Object(App\Controllers\POSSalesController))
10 SYSTEMPATH\CodeIgniter.php(354): CodeIgniter\CodeIgniter->handleRequest(null, Object(Config\Cache), false)
11 SYSTEMPATH\Boot.php(334): CodeIgniter\CodeIgniter->run()
12 SYSTEMPATH\Boot.php(67): CodeIgniter\Boot::runCodeIgniter(Object(CodeIgniter\CodeIgniter))
13 FCPATH\index.php(56): CodeIgniter\Boot::bootWeb(Object(Config\Paths))
CRITICAL - 2026-05-01 22:58:26 --> [Caused by] mysqli_sql_exception: Table 'mjeshter.tbl_pos_payment' doesn't exist
in SYSTEMPATH\Database\MySQLi\Connection.php on line 327.
 1 SYSTEMPATH\Database\MySQLi\Connection.php(327): mysqli->query('SELECT * FROM tbl_pos_payment ORDER BY recid DESC', 0)
 2 SYSTEMPATH\Database\BaseConnection.php(738): CodeIgniter\Database\MySQLi\Connection->execute('SELECT * FROM tbl_pos_payment ORDER BY recid DESC')
 3 SYSTEMPATH\Database\BaseConnection.php(652): CodeIgniter\Database\BaseConnection->simpleQuery('SELECT * FROM tbl_pos_payment ORDER BY recid DESC')
 4 APPPATH\Views\pos-sales\pos-sales-main.php(7): CodeIgniter\Database\BaseConnection->query('SELECT * FROM tbl_pos_payment ORDER BY recid DESC')
 5 SYSTEMPATH\View\View.php(224): include('C:\\xampp\\htdocs\\mjeshter-fgym\\app\\Views\\pos-sales\\pos-sales-main.php')
 6 SYSTEMPATH\View\View.php(227): CodeIgniter\View\View->CodeIgniter\View\{closure}()
 7 SYSTEMPATH\Common.php(1173): CodeIgniter\View\View->render('pos-sales/pos-sales-main', [], true)
 8 APPPATH\Controllers\POSSalesController.php(25): view('pos-sales/pos-sales-main')
 9 SYSTEMPATH\CodeIgniter.php(933): App\Controllers\POSSalesController->index()
10 SYSTEMPATH\CodeIgniter.php(507): CodeIgniter\CodeIgniter->runController(Object(App\Controllers\POSSalesController))
11 SYSTEMPATH\CodeIgniter.php(354): CodeIgniter\CodeIgniter->handleRequest(null, Object(Config\Cache), false)
12 SYSTEMPATH\Boot.php(334): CodeIgniter\CodeIgniter->run()
13 SYSTEMPATH\Boot.php(67): CodeIgniter\Boot::runCodeIgniter(Object(CodeIgniter\CodeIgniter))
14 FCPATH\index.php(56): CodeIgniter\Boot::bootWeb(Object(Config\Paths))
ERROR - 2026-05-01 22:58:34 --> mysqli_sql_exception: Table 'mjeshter.tbl_pos_payment' doesn't exist in C:\xampp\htdocs\mjeshter-fgym\system\Database\MySQLi\Connection.php:327
Stack trace:
#0 C:\xampp\htdocs\mjeshter-fgym\system\Database\MySQLi\Connection.php(327): mysqli->query('SELECT * FROM t...', 0)
#1 C:\xampp\htdocs\mjeshter-fgym\system\Database\BaseConnection.php(738): CodeIgniter\Database\MySQLi\Connection->execute('SELECT * FROM t...')
#2 C:\xampp\htdocs\mjeshter-fgym\system\Database\BaseConnection.php(652): CodeIgniter\Database\BaseConnection->simpleQuery('SELECT * FROM t...')
#3 C:\xampp\htdocs\mjeshter-fgym\app\Views\pos-sales\pos-sales-main.php(7): CodeIgniter\Database\BaseConnection->query('SELECT * FROM t...')
#4 C:\xampp\htdocs\mjeshter-fgym\system\View\View.php(224): include('C:\\xampp\\htdocs...')
#5 C:\xampp\htdocs\mjeshter-fgym\system\View\View.php(227): CodeIgniter\View\View->CodeIgniter\View\{closure}()
#6 C:\xampp\htdocs\mjeshter-fgym\system\Common.php(1173): CodeIgniter\View\View->render('pos-sales/pos-s...', Array, true)
#7 C:\xampp\htdocs\mjeshter-fgym\app\Controllers\POSSalesController.php(25): view('pos-sales/pos-s...')
#8 C:\xampp\htdocs\mjeshter-fgym\system\CodeIgniter.php(933): App\Controllers\POSSalesController->index()
#9 C:\xampp\htdocs\mjeshter-fgym\system\CodeIgniter.php(507): CodeIgniter\CodeIgniter->runController(Object(App\Controllers\POSSalesController))
#10 C:\xampp\htdocs\mjeshter-fgym\system\CodeIgniter.php(354): CodeIgniter\CodeIgniter->handleRequest(NULL, Object(Config\Cache), false)
#11 C:\xampp\htdocs\mjeshter-fgym\system\Boot.php(334): CodeIgniter\CodeIgniter->run()
#12 C:\xampp\htdocs\mjeshter-fgym\system\Boot.php(67): CodeIgniter\Boot::runCodeIgniter(Object(CodeIgniter\CodeIgniter))
#13 C:\xampp\htdocs\mjeshter-fgym\public\index.php(56): CodeIgniter\Boot::bootWeb(Object(Config\Paths))
#14 {main}
CRITICAL - 2026-05-01 22:58:34 --> CodeIgniter\Database\Exceptions\DatabaseException: Table 'mjeshter.tbl_pos_payment' doesn't exist
[Method: GET, Route: possales]
in SYSTEMPATH\Database\BaseConnection.php on line 692.
 1 APPPATH\Views\pos-sales\pos-sales-main.php(7): CodeIgniter\Database\BaseConnection->query('SELECT * FROM tbl_pos_payment ORDER BY recid DESC')
 2 SYSTEMPATH\View\View.php(224): include('C:\\xampp\\htdocs\\mjeshter-fgym\\app\\Views\\pos-sales\\pos-sales-main.php')
 3 SYSTEMPATH\View\View.php(227): CodeIgniter\View\View->CodeIgniter\View\{closure}()
 4 SYSTEMPATH\Common.php(1173): CodeIgniter\View\View->render('pos-sales/pos-sales-main', [], true)
 5 APPPATH\Controllers\POSSalesController.php(25): view('pos-sales/pos-sales-main')
 6 SYSTEMPATH\CodeIgniter.php(933): App\Controllers\POSSalesController->index()
 7 SYSTEMPATH\CodeIgniter.php(507): CodeIgniter\CodeIgniter->runController(Object(App\Controllers\POSSalesController))
 8 SYSTEMPATH\CodeIgniter.php(354): CodeIgniter\CodeIgniter->handleRequest(null, Object(Config\Cache), false)
 9 SYSTEMPATH\Boot.php(334): CodeIgniter\CodeIgniter->run()
10 SYSTEMPATH\Boot.php(67): CodeIgniter\Boot::runCodeIgniter(Object(CodeIgniter\CodeIgniter))
11 FCPATH\index.php(56): CodeIgniter\Boot::bootWeb(Object(Config\Paths))
CRITICAL - 2026-05-01 22:58:34 --> [Caused by] CodeIgniter\Database\Exceptions\DatabaseException: Table 'mjeshter.tbl_pos_payment' doesn't exist
in SYSTEMPATH\Database\MySQLi\Connection.php on line 332.
 1 SYSTEMPATH\Database\BaseConnection.php(738): CodeIgniter\Database\MySQLi\Connection->execute('SELECT * FROM tbl_pos_payment ORDER BY recid DESC')
 2 SYSTEMPATH\Database\BaseConnection.php(652): CodeIgniter\Database\BaseConnection->simpleQuery('SELECT * FROM tbl_pos_payment ORDER BY recid DESC')
 3 APPPATH\Views\pos-sales\pos-sales-main.php(7): CodeIgniter\Database\BaseConnection->query('SELECT * FROM tbl_pos_payment ORDER BY recid DESC')
 4 SYSTEMPATH\View\View.php(224): include('C:\\xampp\\htdocs\\mjeshter-fgym\\app\\Views\\pos-sales\\pos-sales-main.php')
 5 SYSTEMPATH\View\View.php(227): CodeIgniter\View\View->CodeIgniter\View\{closure}()
 6 SYSTEMPATH\Common.php(1173): CodeIgniter\View\View->render('pos-sales/pos-sales-main', [], true)
 7 APPPATH\Controllers\POSSalesController.php(25): view('pos-sales/pos-sales-main')
 8 SYSTEMPATH\CodeIgniter.php(933): App\Controllers\POSSalesController->index()
 9 SYSTEMPATH\CodeIgniter.php(507): CodeIgniter\CodeIgniter->runController(Object(App\Controllers\POSSalesController))
10 SYSTEMPATH\CodeIgniter.php(354): CodeIgniter\CodeIgniter->handleRequest(null, Object(Config\Cache), false)
11 SYSTEMPATH\Boot.php(334): CodeIgniter\CodeIgniter->run()
12 SYSTEMPATH\Boot.php(67): CodeIgniter\Boot::runCodeIgniter(Object(CodeIgniter\CodeIgniter))
13 FCPATH\index.php(56): CodeIgniter\Boot::bootWeb(Object(Config\Paths))
CRITICAL - 2026-05-01 22:58:34 --> [Caused by] mysqli_sql_exception: Table 'mjeshter.tbl_pos_payment' doesn't exist
in SYSTEMPATH\Database\MySQLi\Connection.php on line 327.
 1 SYSTEMPATH\Database\MySQLi\Connection.php(327): mysqli->query('SELECT * FROM tbl_pos_payment ORDER BY recid DESC', 0)
 2 SYSTEMPATH\Database\BaseConnection.php(738): CodeIgniter\Database\MySQLi\Connection->execute('SELECT * FROM tbl_pos_payment ORDER BY recid DESC')
 3 SYSTEMPATH\Database\BaseConnection.php(652): CodeIgniter\Database\BaseConnection->simpleQuery('SELECT * FROM tbl_pos_payment ORDER BY recid DESC')
 4 APPPATH\Views\pos-sales\pos-sales-main.php(7): CodeIgniter\Database\BaseConnection->query('SELECT * FROM tbl_pos_payment ORDER BY recid DESC')
 5 SYSTEMPATH\View\View.php(224): include('C:\\xampp\\htdocs\\mjeshter-fgym\\app\\Views\\pos-sales\\pos-sales-main.php')
 6 SYSTEMPATH\View\View.php(227): CodeIgniter\View\View->CodeIgniter\View\{closure}()
 7 SYSTEMPATH\Common.php(1173): CodeIgniter\View\View->render('pos-sales/pos-sales-main', [], true)
 8 APPPATH\Controllers\POSSalesController.php(25): view('pos-sales/pos-sales-main')
 9 SYSTEMPATH\CodeIgniter.php(933): App\Controllers\POSSalesController->index()
10 SYSTEMPATH\CodeIgniter.php(507): CodeIgniter\CodeIgniter->runController(Object(App\Controllers\POSSalesController))
11 SYSTEMPATH\CodeIgniter.php(354): CodeIgniter\CodeIgniter->handleRequest(null, Object(Config\Cache), false)
12 SYSTEMPATH\Boot.php(334): CodeIgniter\CodeIgniter->run()
13 SYSTEMPATH\Boot.php(67): CodeIgniter\Boot::runCodeIgniter(Object(CodeIgniter\CodeIgniter))
14 FCPATH\index.php(56): CodeIgniter\Boot::bootWeb(Object(Config\Paths))
